2023-08-23 20:04:26,571.easy_stats.INFO ==================================================
2023-08-23 20:04:26,572.easy_stats.INFO Today is 2023-08-23 at 08:04 PM
2023-08-23 20:04:26,627.easy_stats.INFO Running on: nt Windows 10
2023-08-23 20:04:26,628.easy_stats.INFO Python version:  3.11.4
2023-08-23 20:04:26,629.easy_stats.INFO Python path: C:\Users\Valer\AppData\Local\Programs\Python\Python311
2023-08-23 20:04:26,630.easy_stats.INFO Working dir: C:\Users\Valer\Desktop\Lesson01
2023-08-23 20:04:26,631.easy_stats.INFO ==================================================
2023-08-23 20:04:26,663.easy_stats.INFO uni_data = [105, 129, 87, 86, 111, 111, 89, 81, 108, 92, 110, 100, 75, 105, 103, 109, 76, 119, 99, 91, 103, 129, 106, 101, 84, 111, 74, 87, 86, 103, 103, 106, 86, 111, 75, 87, 102, 121, 111, 88, 89, 101, 106, 95, 103, 107, 101, 81, 109, 104]
2023-08-23 20:04:26,667.easy_stats.INFO mean   = 99.12
2023-08-23 20:04:26,668.easy_stats.INFO median = 102.50
2023-08-23 20:04:26,669.easy_stats.INFO mode   = 111.00
2023-08-23 20:04:26,671.easy_stats.INFO var    =  179.25
2023-08-23 20:04:26,672.easy_stats.INFO stdev  =  13.39
2023-08-23 20:04:26,674.easy_stats.INFO lowest =  74.00
2023-08-23 20:04:26,675.easy_stats.INFO highest = 129.00
2023-08-23 20:04:26,678.easy_stats.WARNING Correlation requires Python version 3.10 or greater.
2023-08-23 20:04:26,681.easy_stats.WARNING Your version is 3.11
2023-08-23 20:04:26,682.easy_stats.INFO Here's some time series data:
2023-08-23 20:04:26,683.easy_stats.INFO xtimes:[1, 2, 3, 4, 5, 6, 7, 8, 9, 10, 11, 12]
2023-08-23 20:04:26,684.easy_stats.INFO yvalues:[2, 5, 8, 20, 21, 23, 24, 27, 30, 31, 31, 32]
2023-08-23 20:04:26,685.easy_stats.INFO correlation between xtimes and xtimes = 1.00
2023-08-23 20:04:26,686.easy_stats.INFO correlation between xtimes and yvalues = 0.94
2023-08-23 20:04:26,688.easy_stats.INFO Here's some bivariant data (2 variables, together):
2023-08-23 20:04:26,691.easy_stats.INFO x:[-200, -150, -100, 50, 0, 50, 100, 150]
2023-08-23 20:04:26,692.easy_stats.INFO y:[-240, -165, -99, 35, 19, 75, 130, 125]
2023-08-23 20:04:26,693.easy_stats.INFO Calculate the slope and intercept of a best fit straight line:
2023-08-23 20:04:26,694.easy_stats.INFO    slope = 1.09
2023-08-23 20:04:26,695.easy_stats.INFO    intercept = -1.39
2023-08-23 20:04:26,696.easy_stats.INFO Let's use our best fit line to PREDICT a future value.
2023-08-23 20:04:26,697.easy_stats.INFO    At future x = 200,
2023-08-23 20:04:26,698.easy_stats.INFO    we predict the value of y will be 216.
2023-08-23 20:04:26,699.easy_stats.INFO How'd we do? Does this make sense given the data?
